<?xml version="1.0" encoding="UTF-8"?>
<testng-results skipped="0" failed="0" ignored="0" total="1" passed="1">
  <reporter-output>
  </reporter-output>
  <suite name="Default suite" duration-ms="16748" started-at="2020-06-17T17:20:21Z" finished-at="2020-06-17T17:20:37Z">
    <groups>
    </groups>
    <test name="Default test" duration-ms="16748" started-at="2020-06-17T17:20:21Z" finished-at="2020-06-17T17:20:37Z">
      <class name="Login_Pg.Login_TC">
        <test-method status="PASS" signature="TriggerinBeforeSuiteDependency()[pri:0, instance:Login_Pg.Login_TC@3327bd23]" name="TriggerinBeforeSuiteDependency" is-config="true" duration-ms="67" started-at="2020-06-17T17:20:21Z" finished-at="2020-06-17T17:20:21Z">
          <reporter-output>
          </reporter-output>
        </test-method> <!-- TriggerinBeforeSuiteDependency -->
        <test-method status="PASS" signature="TC_LoginPg()[pri:0, instance:Login_Pg.Login_TC@3327bd23]" name="TC_LoginPg" duration-ms="15555" started-at="2020-06-17T17:20:21Z" finished-at="2020-06-17T17:20:36Z">
          <reporter-output>
          </reporter-output>
        </test-method> <!-- TC_LoginPg -->
        <test-method status="PASS" signature="ScreenShotReport()[pri:0, instance:Login_Pg.Login_TC@3327bd23]" name="ScreenShotReport" is-config="true" duration-ms="1172" started-at="2020-06-17T17:20:36Z" finished-at="2020-06-17T17:20:37Z">
          <reporter-output>
          </reporter-output>
        </test-method> <!-- ScreenShotReport -->
        <test-method status="PASS" signature="tearDownDependency()[pri:0, instance:Login_Pg.Login_TC@3327bd23]" name="tearDownDependency" is-config="true" duration-ms="941" started-at="2020-06-17T17:20:38Z" finished-at="2020-06-17T17:20:39Z">
          <reporter-output>
          </reporter-output>
        </test-method> <!-- tearDownDependency -->
      </class> <!-- Login_Pg.Login_TC -->
    </test> <!-- Default test -->
  </suite> <!-- Default suite -->
</testng-results>
